WARNING: No configurations found in configuration directory:/home/dmouhammad/config
WARNING: To disable this warning set SUPPRESS_NO_CONFIG_WARNING in the environment.
/home/dmouhammad/provisionning-available-resources/node_modules/config/lib/config.js:182
    throw new Error('Configuration property "' + property + '" is not defined');
    ^

Error: Configuration property "DB_URI" is not defined
    at Config.get (/home/dmouhammad/provisionning-available-resources/node_modules/config/lib/config.js:182:11)
    at Object.<anonymous> (/home/dmouhammad/provisionning-available-resources/config/db.js:4:23)
    at Module._compile (internal/modules/cjs/loader.js:1063:30)
    at Object.Module._extensions..js (internal/modules/cjs/loader.js:1092:10)
    at Module.load (internal/modules/cjs/loader.js:928:32)
    at Function.Module._load (internal/modules/cjs/loader.js:769:14)
    at Module.require (internal/modules/cjs/loader.js:952:19)
    at require (internal/modules/cjs/helpers.js:88:18)
    at Object.<anonymous> (/home/dmouhammad/provisionning-available-resources/index.js:3:17)
    at Module._compile (internal/modules/cjs/loader.js:1063:30)
    at Object.Module._extensions..js (internal/modules/cjs/loader.js:1092:10)
    at Module.load (internal/modules/cjs/loader.js:928:32)
    at Function.Module._load (internal/modules/cjs/loader.js:769:14)
    at Function.executeUserEntryPoint [as runMain] (internal/modules/run_main.js:72:12)
    at internal/main/run_main_module.js:17:47
